### Temperature = 1
[{'generated_text': "Complete this poem: Do not go gentle into that good night, Old age should burn and rave at close of day; Rage, rage against the dying of the light. See the difference? It may be little, it may be great, but it's difference... It's all that's left. That's the gift of it. Rage, rage against the dying of the light, See the difference? What do you mean is too cute? But really, the difference between a good, big, heart pump full of life and the light, to be, light, light... The difference between a light, in someone, some living being, oh, oh, oh, a beating, a beating, a, a, a, a, a, a, a, a, a, a, a, a, a, a, a, a, a"}]
Model before:

 LlamaForCausalLM(
  (model): LlamaModel(
    (embed_tokens): Embedding(32000, 2048)
    (layers): ModuleList(
      (0-21): 22 x LlamaDecoderLayer(
        (self_attn): LlamaAttention(
          (q_proj): Linear(in_features=2048, out_features=2048, bias=False)
          (k_proj): Linear(in_features=2048, out_features=256, bias=False)
          (v_proj): Linear(in_features=2048, out_features=256, bias=False)
          (o_proj): Linear(in_features=2048, out_features=2048, bias=False)
        )
        (mlp): LlamaMLP(
          (gate_proj): Linear(in_features=2048, out_features=5632, bias=False)
          (up_proj): Linear(in_features=2048, out_features=5632, bias=False)
          (down_proj): Linear(in_features=5632, out_features=2048, bias=False)
          (act_fn): SiLU()
        )
        (input_layernorm): LlamaRMSNorm((2048,), eps=1e-05)
        (post_attention_layernorm): LlamaRMSNorm((2048,), eps=1e-05)
      )
    )
    (norm): LlamaRMSNorm((2048,), eps=1e-05)
    (rotary_emb): LlamaRotaryEmbedding()
  )
  (lm_head): Linear(in_features=2048, out_features=32000, bias=False)
)
Complete this poem: Do not go gentle into that good night, Old age should burn and rave at close of day; Rage, rage against the dying of the light. A good age do not go a bad way, dark night do not die that rack the light of the morn, a night of good death, a light awaits, light to the world, a good way to walk the good. Good life to die, light goodness darkness, darkness light on, a way to end, light that leads to the way, a dark light awaits, a way to light that walks by night and dark light that leads to the way, a dark light awaits, a very light and good, a very good way to light the way, very good dawn to very good night, walk in the way of the light. Very good, very good a very good time of good
Model after:

 LlamaForCausalLM(
  (model): LlamaModel(
    (embed_tokens): Embedding(32000, 2048)
    (layers): ModuleList(
      (0-21): 22 x LlamaDecoderLayer(
        (self_attn): LlamaAttention(
          (q_proj): W8A16LinearLayer()
          (k_proj): W8A16LinearLayer()
          (v_proj): W8A16LinearLayer()
          (o_proj): W8A16LinearLayer()
        )
        (mlp): LlamaMLP(
          (gate_proj): W8A16LinearLayer()
          (up_proj): W8A16LinearLayer()
          (down_proj): W8A16LinearLayer()
          (act_fn): SiLU()
        )
        (input_layernorm): LlamaRMSNorm((2048,), eps=1e-05)
        (post_attention_layernorm): LlamaRMSNorm((2048,), eps=1e-05)
      )
    )
    (norm): LlamaRMSNorm((2048,), eps=1e-05)
    (rotary_emb): LlamaRotaryEmbedding()
  )
  (lm_head): Linear(in_features=2048, out_features=32000, bias=False)
)
